<!DOCTYPE html PUBLIC "-//W3C//DTD XHTML 1.1//EN" "http://www.w3.org/TR/xhtml11/DTD/xhtml11.dtd">
<html xmlns="http://www.w3.org/1999/xhtml">
<head>
<meta http-equiv="content-type" content="text/html; charset=UTF-8"/>
<title>TestNG Report</title>
<style type="text/css">table {margin-bottom:10px;border-collapse:collapse;empty-cells:show}th,td {border:1px solid #009;padding:.25em .5em}th {vertical-align:bottom}td {vertical-align:top}table a {font-weight:bold}.stripe td {background-color: #E6EBF9}.num {text-align:right}.passedodd td {background-color: #3F3}.passedeven td {background-color: #0A0}.skippedodd td {background-color: #DDD}.skippedeven td {background-color: #CCC}.failedodd td,.attn {background-color: #F33}.failedeven td,.stripe .attn {background-color: #D00}.stacktrace {white-space:pre;font-family:monospace}.totop {font-size:85%;text-align:center;border-bottom:2px solid #000}.invisible {display:none}</style>
</head>
<body>
<table>
<tr><th>Test</th><th># Passed</th><th># Skipped</th><th># Failed</th><th>Time (ms)</th><th>Included Groups</th><th>Excluded Groups</th></tr>
<tr><th colspan="7">Command line suite</th></tr>
<tr><td><a href="#t0">Command line test</a></td><td class="num">2</td><td class="num attn">2</td><td class="num attn">1</td><td class="num">20,485</td><td></td><td></td></tr>
</table>
<table id='summary'><thead><tr><th>Class</th><th>Method</th><th>Start</th><th>Time (ms)</th></tr></thead><tbody><tr><th colspan="4">Command line suite</th></tr></tbody><tbody id="t0"><tr><th colspan="4">Command line test &#8212; failed (configuration methods)</th></tr><tr class="failedeven"><td rowspan="1">com.progressive.testcases.GoogleTest</td><td><a href="#m0">getResult</a></td><td rowspan="1">1613267550619</td><td rowspan="1">0</td></tr><tr class="failedodd"><td rowspan="1">com.progressive.testcases.ProgressiveAutoInsuranceTest</td><td><a href="#m1">getResult</a></td><td rowspan="1">1613267553161</td><td rowspan="1">1</td></tr><tr class="failedeven"><td rowspan="1">com.progressive.testcases.ProgressiveTest</td><td><a href="#m2">getResult</a></td><td rowspan="1">1613267542149</td><td rowspan="1">3</td></tr><tr><th colspan="4">Command line test &#8212; failed</th></tr><tr class="failedeven"><td rowspan="1">com.progressive.testcases.ProgressiveAutoInsuranceTest</td><td><a href="#m3">progressiveSearchTest</a></td><td rowspan="1">1613267553032</td><td rowspan="1">122</td></tr><tr><th colspan="4">Command line test &#8212; skipped (configuration methods)</th></tr><tr class="skippedeven"><td rowspan="2">com.progressive.testcases.GoogleTest</td><td><a href="#m4">beforeMethod</a></td><td rowspan="1">1613267553166</td><td rowspan="1">0</td></tr><tr class="skippedeven"><td><a href="#m5">getResult</a></td><td rowspan="1">1613267553171</td><td rowspan="1">0</td></tr><tr class="skippedodd"><td rowspan="1">com.progressive.testcases.ProgressiveAutoInsuranceTest</td><td><a href="#m6">getResult</a></td><td rowspan="1">1613267553174</td><td rowspan="1">0</td></tr><tr><th colspan="4">Command line test &#8212; skipped</th></tr><tr class="skippedeven"><td rowspan="1">com.progressive.testcases.GoogleTest</td><td><a href="#m7">googleSearchTest2</a></td><td rowspan="1">1613267553169</td><td rowspan="1">0</td></tr><tr class="skippedodd"><td rowspan="1">com.progressive.testcases.ProgressiveAutoInsuranceTest</td><td><a href="#m8">progressiveDetailsTest</a></td><td rowspan="1">1613267553172</td><td rowspan="1">0</td></tr><tr><th colspan="4">Command line test &#8212; passed</th></tr><tr class="passedeven"><td rowspan="1">com.progressive.testcases.GoogleTest</td><td><a href="#m9">googleSearchTest</a></td><td rowspan="1">1613267546690</td><td rowspan="1">3928</td></tr><tr class="passedodd"><td rowspan="1">com.progressive.testcases.ProgressiveTest</td><td><a href="#m10">testcase01</a></td><td rowspan="1">1613267541924</td><td rowspan="1">2</td></tr></tbody>
</table>
<h2>Command line test</h2><h3 id="m0">com.progressive.testcases.GoogleTest#getResult</h3><table class="result"><tr class="param"><th>Parameter #1</th></tr><tr class="param stripe"><td>[TestResult name=googleSearchTest status=SUCCESS method=GoogleTest.googleSearchTest()[pri:1, instance:com.progressive.testcases.GoogleTest@553a3d88] output={null}]</td></tr><tr><th>Exception</th></tr><tr><td><div class="stacktrace">java.lang.NullPointerException: Cannot invoke &quot;com.aventstack.extentreports.ExtentReports.createTest(String)&quot; because &quot;this.extent&quot; is null
	at com.progressive.testcases.BaseTest.getResult(BaseTest.java:56)
... Removed 38 stack frames</div></td></tr></table><p class="totop"><a href="#summary">back to summary</a></p>
<h3 id="m1">com.progressive.testcases.ProgressiveAutoInsuranceTest#getResult</h3><table class="result"><tr class="param"><th>Parameter #1</th></tr><tr class="param stripe"><td>[TestResult name=progressiveSearchTest status=FAILURE method=ProgressiveAutoInsuranceTest.progressiveSearchTest()[pri:1, instance:com.progressive.testcases.ProgressiveAutoInsuranceTest@7a30d1e6] output={null}]</td></tr><tr><th>Exception</th></tr><tr><td><div class="stacktrace">java.lang.NullPointerException: Cannot invoke &quot;com.aventstack.extentreports.ExtentReports.createTest(String)&quot; because &quot;this.extent&quot; is null
	at com.progressive.testcases.BaseTest.getResult(BaseTest.java:49)
... Removed 38 stack frames</div></td></tr></table><p class="totop"><a href="#summary">back to summary</a></p>
<h3 id="m2">com.progressive.testcases.ProgressiveTest#getResult</h3><table class="result"><tr class="param"><th>Parameter #1</th></tr><tr class="param stripe"><td>[TestResult name=testcase01 status=SUCCESS method=ProgressiveTest.testcase01()[pri:0, instance:com.progressive.testcases.ProgressiveTest@5891e32e] output=Testcase01 started..!]</td></tr><tr><th>Exception</th></tr><tr><td><div class="stacktrace">java.lang.NullPointerException: Cannot invoke &quot;com.aventstack.extentreports.ExtentReports.createTest(String)&quot; because &quot;this.extent&quot; is null
	at com.progressive.testcases.BaseTest.getResult(BaseTest.java:56)
... Removed 38 stack frames</div></td></tr></table><p class="totop"><a href="#summary">back to summary</a></p>
<h3 id="m3">com.progressive.testcases.ProgressiveAutoInsuranceTest#progressiveSearchTest</h3><table class="result"><tr><th>Exception</th></tr><tr><td><div class="stacktrace">org.openqa.selenium.NoSuchElementException: no such element: Unable to locate element: {&quot;method&quot;:&quot;xpath&quot;,&quot;selector&quot;:&quot;//body/div[@id=&apos;site&apos;]/main[@id=&apos;main&apos;]/div[1]/div[1]/div[1]/div[2]/div[1]/ul[1]/li[1]/a[1]&quot;}
  (Session info: chrome=88.0.4324.150)
For documentation on this error, please visit: https://selenium.dev/exceptions/#no_such_element
Build info: version: &apos;4.0.0-alpha-7&apos;, revision: &apos;de8579b6d5&apos;
System info: host: &apos;Ayushas-MacBook-Air.local&apos;, ip: &apos;2603:8080:fe00:4a00:a1e1:23e4:ef1b:13e5%en0&apos;, os.name: &apos;Mac OS X&apos;, os.arch: &apos;x86_64&apos;, os.version: &apos;10.11.6&apos;, java.version: &apos;15.0.1&apos;
Driver info: org.openqa.selenium.chrome.ChromeDriver
Capabilities {acceptInsecureCerts: false, browserName: chrome, browserVersion: 88.0.4324.150, chrome: {chromedriverVersion: 88.0.4324.96 (68dba2d8a0b14..., userDataDir: /var/folders/7k/40jp_53973g...}, goog:chromeOptions: {debuggerAddress: localhost:53768}, javascriptEnabled: true, networkConnectionEnabled: false, pageLoadStrategy: normal, platform: MAC, platformName: MAC, proxy: Proxy(), setWindowRect: true, strictFileInteractability: false, timeouts: {implicit: 0, pageLoad: 300000, script: 30000}, unhandledPromptBehavior: dismiss and notify, webauthn:extension:largeBlob: true, webauthn:virtualAuthenticators: true}
Session ID: b22e752b6df2bff096c564d74dd2cf1b
*** Element info: {Using=xpath, value=//body/div[@id=&apos;site&apos;]/main[@id=&apos;main&apos;]/div[1]/div[1]/div[1]/div[2]/div[1]/ul[1]/li[1]/a[1]}
	at org.openqa.selenium.remote.codec.w3c.W3CHttpResponseCodec.createException(W3CHttpResponseCodec.java:196)
	at org.openqa.selenium.remote.codec.w3c.W3CHttpResponseCodec.decode(W3CHttpResponseCodec.java:129)
	at org.openqa.selenium.remote.codec.w3c.W3CHttpResponseCodec.decode(W3CHttpResponseCodec.java:53)
	at org.openqa.selenium.remote.HttpCommandExecutor.execute(HttpCommandExecutor.java:167)
	at org.openqa.selenium.remote.service.DriverCommandExecutor.execute(DriverCommandExecutor.java:123)
	at org.openqa.selenium.remote.RemoteWebDriver.execute(RemoteWebDriver.java:501)
	at org.openqa.selenium.remote.RemoteWebDriver.findElement(RemoteWebDriver.java:332)
	at org.openqa.selenium.By$ByXPath.findElement(By.java:379)
	at org.openqa.selenium.remote.RemoteWebDriver.findElement(RemoteWebDriver.java:312)
	at org.openqa.selenium.support.pagefactory.DefaultElementLocator.findElement(DefaultElementLocator.java:70)
	at org.openqa.selenium.support.pagefactory.internal.LocatingElementHandler.invoke(LocatingElementHandler.java:39)
	at com.sun.proxy.$Proxy16.click(Unknown Source)
	at com.progressive.pages.ProgressiveHomePage.clickOnAuto(ProgressiveHomePage.java:45)
	at com.progressive.testcases.ProgressiveAutoInsuranceTest.progressiveSearchTest(ProgressiveAutoInsuranceTest.java:32)
... Removed 40 stack frames</div></td></tr></table><p class="totop"><a href="#summary">back to summary</a></p>
<h3 id="m4">com.progressive.testcases.GoogleTest#beforeMethod</h3><table class="result"><tr><th class="invisible"/></tr></table><p class="totop"><a href="#summary">back to summary</a></p>
<h3 id="m5">com.progressive.testcases.GoogleTest#getResult</h3><table class="result"><tr><th class="invisible"/></tr></table><p class="totop"><a href="#summary">back to summary</a></p>
<h3 id="m6">com.progressive.testcases.ProgressiveAutoInsuranceTest#getResult</h3><table class="result"><tr><th class="invisible"/></tr></table><p class="totop"><a href="#summary">back to summary</a></p>
<h3 id="m7">com.progressive.testcases.GoogleTest#googleSearchTest2</h3><table class="result"><tr><th>Exception</th></tr><tr><td><div class="stacktrace">java.lang.NullPointerException: Cannot invoke &quot;com.aventstack.extentreports.ExtentReports.createTest(String)&quot; because &quot;this.extent&quot; is null
	at com.progressive.testcases.BaseTest.getResult(BaseTest.java:56)
... Removed 38 stack frames</div></td></tr></table><p class="totop"><a href="#summary">back to summary</a></p>
<h3 id="m8">com.progressive.testcases.ProgressiveAutoInsuranceTest#progressiveDetailsTest</h3><table class="result"><tr><th>Exception</th></tr><tr><td><div class="stacktrace">java.lang.NullPointerException: Cannot invoke &quot;com.aventstack.extentreports.ExtentReports.createTest(String)&quot; because &quot;this.extent&quot; is null
	at com.progressive.testcases.BaseTest.getResult(BaseTest.java:49)
... Removed 38 stack frames</div></td></tr></table><p class="totop"><a href="#summary">back to summary</a></p>
<h3 id="m9">com.progressive.testcases.GoogleTest#googleSearchTest</h3><table class="result"><tr><th class="invisible"/></tr></table><p class="totop"><a href="#summary">back to summary</a></p>
<h3 id="m10">com.progressive.testcases.ProgressiveTest#testcase01</h3><table class="result"><tr><th>Messages</th></tr><tr><td><div class="messages">Testcase01 started..!<br/>navigated to progressive insurance portal..</div></td></tr></table><p class="totop"><a href="#summary">back to summary</a></p>
</body>
</html>
